<?xml version="1.0" encoding="UTF-8" ?>
<testsuite errors="1" failures="0" hostname="monolith" name="net.transformatorhuis.chess.BoardTest" tests="5" time="10.532" timestamp="2009-06-26T20:27:11">
  <properties>
    <property name="java.runtime.name" value="Java(TM) SE Runtime Environment" />
    <property name="sun.boot.library.path" value="/usr/lib/jvm/java-6-sun-1.6.0.13/jre/lib/amd64" />
    <property name="java.vm.version" value="11.3-b02" />
    <property name="java.vm.vendor" value="Sun Microsystems Inc." />
    <property name="java.vendor.url" value="http://java.sun.com/" />
    <property name="path.separator" value=":" />
    <property name="java.vm.name" value="Java HotSpot(TM) 64-Bit Server VM" />
    <property name="file.encoding.pkg" value="sun.io" />
    <property name="user.country" value="GB" />
    <property name="sun.java.launcher" value="SUN_STANDARD" />
    <property name="sun.os.patch.level" value="unknown" />
    <property name="test" value="BoardTest" />
    <property name="java.vm.specification.name" value="Java Virtual Machine Specification" />
    <property name="user.dir" value="/home/cyberroadie/git/spikes/agile-java" />
    <property name="java.runtime.version" value="1.6.0_13-b03" />
    <property name="java.awt.graphicsenv" value="sun.awt.X11GraphicsEnvironment" />
    <property name="basedir" value="/home/cyberroadie/git/spikes/agile-java" />
    <property name="java.endorsed.dirs" value="/usr/lib/jvm/java-6-sun-1.6.0.13/jre/lib/endorsed" />
    <property name="os.arch" value="amd64" />
    <property name="java.io.tmpdir" value="/tmp" />
    <property name="line.separator" value="
" />
    <property name="java.vm.specification.vendor" value="Sun Microsystems Inc." />
    <property name="os.name" value="Linux" />
    <property name="sun.jnu.encoding" value="UTF-8" />
    <property name="java.library.path" value="/usr/lib/jvm/java-6-sun-1.6.0.13/jre/lib/amd64/server:/usr/lib/jvm/java-6-sun-1.6.0.13/jre/lib/amd64:/usr/lib/jvm/java-6-sun-1.6.0.13/jre/../lib/amd64:/usr/java/packages/lib/amd64:/lib:/usr/lib" />
    <property name="java.specification.name" value="Java Platform API Specification" />
    <property name="java.class.version" value="50.0" />
    <property name="sun.management.compiler" value="HotSpot 64-Bit Server Compiler" />
    <property name="os.version" value="2.6.28-13-generic" />
    <property name="user.home" value="/home/cyberroadie" />
    <property name="user.timezone" value="" />
    <property name="java.awt.printerjob" value="sun.print.PSPrinterJob" />
    <property name="file.encoding" value="UTF-8" />
    <property name="java.specification.version" value="1.6" />
    <property name="user.name" value="cyberroadie" />
    <property name="java.class.path" value="/opt/netbeans/java2/ant/patches/72080.jar:/opt/netbeans/java2/ant/patches/ant-42275.jar:/opt/netbeans/java2/ant/lib/ant.jar:/opt/netbeans/java2/ant/lib/ant-junit.jar:/home/cyberroadie/git/spikes/agile-java/target/classes:/home/cyberroadie/git/spikes/agile-java/src/main/java:/home/cyberroadie/git/spikes/agile-java/src/main/resources:/home/cyberroadie/git/spikes/agile-java/target/test-classes:/home/cyberroadie/git/spikes/agile-java/src/test/java:/home/cyberroadie/.m2/repository/junit/junit/4.4/junit-4.4.jar" />
    <property name="java.vm.specification.version" value="1.0" />
    <property name="sun.arch.data.model" value="64" />
    <property name="java.home" value="/usr/lib/jvm/java-6-sun-1.6.0.13/jre" />
    <property name="java.specification.vendor" value="Sun Microsystems Inc." />
    <property name="user.language" value="en" />
    <property name="java.vm.info" value="mixed mode" />
    <property name="java.version" value="1.6.0_13" />
    <property name="java.ext.dirs" value="/usr/lib/jvm/java-6-sun-1.6.0.13/jre/lib/ext:/usr/java/packages/lib/ext" />
    <property name="sun.boot.class.path" value="/usr/lib/jvm/java-6-sun-1.6.0.13/jre/lib/resources.jar:/usr/lib/jvm/java-6-sun-1.6.0.13/jre/lib/rt.jar:/usr/lib/jvm/java-6-sun-1.6.0.13/jre/lib/sunrsasign.jar:/usr/lib/jvm/java-6-sun-1.6.0.13/jre/lib/jsse.jar:/usr/lib/jvm/java-6-sun-1.6.0.13/jre/lib/jce.jar:/usr/lib/jvm/java-6-sun-1.6.0.13/jre/lib/charsets.jar:/usr/lib/jvm/java-6-sun-1.6.0.13/jre/classes" />
    <property name="java.vendor" value="Sun Microsystems Inc." />
    <property name="file.separator" value="/" />
    <property name="java.vendor.url.bug" value="http://java.sun.com/cgi-bin/bugreport.cgi" />
    <property name="forkMode" value="once" />
    <property name="sun.cpu.endian" value="little" />
    <property name="sun.io.unicode.encoding" value="UnicodeLittle" />
    <property name="sun.desktop" value="gnome" />
    <property name="sun.cpu.isalist" value="" />
  </properties>
  <testcase classname="net.transformatorhuis.chess.BoardTest" name="testCreate" time="0.019" />
  <testcase classname="net.transformatorhuis.chess.BoardTest" name="testCount" time="0.0030" />
  <testcase classname="net.transformatorhuis.chess.BoardTest" name="testGetPiece" time="0.0010" />
  <testcase classname="net.transformatorhuis.chess.BoardTest" name="setPiece" time="0.011" />
  <testcase classname="net.transformatorhuis.chess.BoardTest" name="testRelativeStrength" time="10.284">
    <error type="java.lang.NullPointerException">java.lang.NullPointerException
	at net.transformatorhuis.chess.Board.getBlackStrength(Board.java:130)
	at net.transformatorhuis.chess.BoardTest.testRelativeStrength(BoardTest.java:87)
</error>
  </testcase>
  <system-out><![CDATA[........
........
........
........
........
........
........
........

........
........
.K......
.R......
..k.....
........
........
........

]]></system-out>
  <system-err><![CDATA[]]></system-err>
</testsuite>
